Assembler report for pin_69
Thu Jul 24 10:33:08 2025
Quartus Prime Version 17.1.0 Build 590 10/25/2017 SJ Lite Edition


---------------------
; Table of Contents ;
---------------------
  1. Legal Notice
  2. Assembler Summary
  3. Assembler Settings
  4. Assembler Generated Files
  5. Assembler Device Options: C:/FGPA/pin_69/output_files/pin_69.sof
  6. Assembler Device Options: C:/FGPA/pin_69/output_files/pin_69.rbf
  7. Assembler Messages



----------------
; Legal Notice ;
----------------
Copyright (C) 2017  Intel Corporation. All rights reserved.
Your use of Intel Corporation's design tools, logic functions 
and other software and tools, and its AMPP partner logic 
functions, and any output files from any of the foregoing 
(including device programming or simulation files), and any 
associated documentation or information are expressly subject 
to the terms and conditions of the Intel Program License 
Subscription Agreement, the Intel Quartus Prime License Agreement,
the Intel FPGA IP License Agreement, or other applicable license
agreement, including, without limitation, that your use is for
the sole purpose of programming logic devices manufactured by
Intel and sold by Intel or its authorized distributors.  Please
refer to the applicable agreement for further details.



+---------------------------------------------------------------+
; Assembler Summary                                             ;
+-----------------------+---------------------------------------+
; Assembler Status      ; Successful - Thu Jul 24 10:33:08 2025 ;
; Revision Name         ; pin_69                                ;
; Top-level Entity Name ; pin_69                                ;
; Family                ; Cyclone 10 LP                         ;
; Device                ; 10CL006YE144I7G                       ;
+-----------------------+---------------------------------------+


+----------------------------------+
; Assembler Settings               ;
+--------+---------+---------------+
; Option ; Setting ; Default Value ;
+--------+---------+---------------+


+----------------------------------------+
; Assembler Generated Files              ;
+----------------------------------------+
; File Name                              ;
+----------------------------------------+
; C:/FGPA/pin_69/output_files/pin_69.sof ;
; C:/FGPA/pin_69/output_files/pin_69.rbf ;
+----------------------------------------+


+------------------------------------------------------------------+
; Assembler Device Options: C:/FGPA/pin_69/output_files/pin_69.sof ;
+----------------+-------------------------------------------------+
; Option         ; Setting                                         ;
+----------------+-------------------------------------------------+
; JTAG usercode  ; 0x00095C5F                                      ;
; Checksum       ; 0x00095C5F                                      ;
+----------------+-------------------------------------------------+


+------------------------------------------------------------------+
; Assembler Device Options: C:/FGPA/pin_69/output_files/pin_69.rbf ;
+---------------------+--------------------------------------------+
; Option              ; Setting                                    ;
+---------------------+--------------------------------------------+
; Raw Binary File     ;                                            ;
;  Compression Ratio  ; 3                                          ;
+---------------------+--------------------------------------------+


+--------------------+
; Assembler Messages ;
+--------------------+
Info: *******************************************************************
Info: Running Quartus Prime Assembler
    Info: Version 17.1.0 Build 590 10/25/2017 SJ Lite Edition
    Info: Processing started: Thu Jul 24 10:33:06 2025
Info: Command: quartus_asm --read_settings_files=off --write_settings_files=off pin_69 -c pin_69
Info (115031): Writing out detailed assembly data for power analysis
Info (115030): Assembler is generating device programming files
Info: Quartus Prime Assembler was successful. 0 errors, 0 warnings
    Info: Peak virtual memory: 4666 megabytes
    Info: Processing ended: Thu Jul 24 10:33:08 2025
    Info: Elapsed time: 00:00:02
    Info: Total CPU time (on all processors): 00:00:02


